<?xml version="1.0" encoding="UTF-8"?>
<testsuite name="com.solitarymonk.courses.dao.Sql2oCourseDaoTest" tests="4" skipped="0" failures="0" errors="0" timestamp="2019-04-06T06:52:30" hostname="MichaelMac.local" time="0.028">
  <properties/>
  <testcase name="existingCoursesCanBeFoundById" classname="com.solitarymonk.courses.dao.Sql2oCourseDaoTest" time="0.009"/>
  <testcase name="addedCoursesAreReturnedFromFindAll" classname="com.solitarymonk.courses.dao.Sql2oCourseDaoTest" time="0.006"/>
  <testcase name="noCoursesReturnsEmptyList" classname="com.solitarymonk.courses.dao.Sql2oCourseDaoTest" time="0.005"/>
  <testcase name="addingCourseSetsId" classname="com.solitarymonk.courses.dao.Sql2oCourseDaoTest" time="0.006"/>
  <system-out><![CDATA[]]></system-out>
  <system-err><![CDATA[[Thread-14] INFO spark.embeddedserver.jetty.EmbeddedJettyServer - >>> Spark shutting down ...
[Thread-14] INFO org.eclipse.jetty.server.AbstractConnector - Stopped ServerConnector@57f31819{HTTP/1.1,[http/1.1]}{0.0.0.0:4568}
[Thread-14] INFO org.eclipse.jetty.server.session - node0 Stopped scavenging
[Thread-14] INFO spark.embeddedserver.jetty.EmbeddedJettyServer - done
]]></system-err>
</testsuite>
